[2011-10-21 17.16:15] ERROR ApiUtils parseModifiedSince: could not parse the If-Modified-Since header field: 'Fri, 31 Apr 2005 12:00:00 GMT' error is: Unparseable date: "Fri, 31 Apr 2005 12:00:00 GMT" 
[2011-10-21 17.16:15] ERROR ApiUtils parseModifiedSince: could not parse the If-Modified-Since header field: 'Fri, 31 Apr 2005 12:00:00 GMT' error is: Unparseable date: "Fri, 31 Apr 2005 12:00:00 GMT" 
[2011-10-21 17.16:15] ERROR ApiUtils parseModifiedSince: could not parse the If-Modified-Since header field: 'Fri, 06 May 1977 12:00 GMT' error is: Unparseable date: "Fri, 06 May 1977 12:00 GMT" 
[2011-10-21 17.16:15] ERROR ApiUtils parseModifiedSince: could not parse the If-Modified-Since header field: 'Fri, 06 May 1977 12:00 GMT' error is: Unparseable date: "Fri, 06 May 1977 12:00 GMT" 
[2011-12-05 16.01:31] ERROR ApiUtils parseModifiedSince: could not parse the If-Modified-Since header field: 'Fri, 31 Apr 2005 12:00:00 GMT' error is: Unparseable date: "Fri, 31 Apr 2005 12:00:00 GMT" 
[2011-12-05 16.01:31] ERROR ApiUtils parseModifiedSince: could not parse the If-Modified-Since header field: 'Fri, 31 Apr 2005 12:00:00 GMT' error is: Unparseable date: "Fri, 31 Apr 2005 12:00:00 GMT" 
[2011-12-05 16.01:31] ERROR ApiUtils parseModifiedSince: could not parse the If-Modified-Since header field: 'Fri, 06 May 1977 12:00 GMT' error is: Unparseable date: "Fri, 06 May 1977 12:00 GMT" 
[2011-12-05 16.01:31] ERROR ApiUtils parseModifiedSince: could not parse the If-Modified-Since header field: 'Fri, 06 May 1977 12:00 GMT' error is: Unparseable date: "Fri, 06 May 1977 12:00 GMT" 
[2011-12-15 12.07:20] ERROR ApiUtils parseModifiedSince: could not parse the If-Modified-Since header field: 'Fri, 31 Apr 2005 12:00:00 GMT' error is: Unparseable date: "Fri, 31 Apr 2005 12:00:00 GMT" 
[2011-12-15 12.07:20] ERROR ApiUtils parseModifiedSince: could not parse the If-Modified-Since header field: 'Fri, 31 Apr 2005 12:00:00 GMT' error is: Unparseable date: "Fri, 31 Apr 2005 12:00:00 GMT" 
[2011-12-15 12.07:20] ERROR ApiUtils parseModifiedSince: could not parse the If-Modified-Since header field: 'Fri, 06 May 1977 12:00 GMT' error is: Unparseable date: "Fri, 06 May 1977 12:00 GMT" 
[2011-12-15 12.07:20] ERROR ApiUtils parseModifiedSince: could not parse the If-Modified-Since header field: 'Fri, 06 May 1977 12:00 GMT' error is: Unparseable date: "Fri, 06 May 1977 12:00 GMT" 
[2022-10-17 15.55:46] ERROR ApiUtils parseModifiedSince: could not parse the If-Modified-Since header field: 'Fri, 31 Apr 2005 12:00:00 GMT' error is: Unparseable date: "Fri, 31 Apr 2005 12:00:00 GMT" 
[2022-10-17 15.55:46] ERROR ApiUtils parseModifiedSince: could not parse the If-Modified-Since header field: 'Fri, 31 Apr 2005 12:00:00 GMT' error is: Unparseable date: "Fri, 31 Apr 2005 12:00:00 GMT" 
[2022-10-17 15.55:46] ERROR ApiUtils parseModifiedSince: could not parse the If-Modified-Since header field: 'Fri, 06 May 1977 12:00 GMT' error is: Unparseable date: "Fri, 06 May 1977 12:00 GMT" 
[2022-10-17 15.55:46] ERROR ApiUtils parseModifiedSince: could not parse the If-Modified-Since header field: 'Fri, 06 May 1977 12:00 GMT' error is: Unparseable date: "Fri, 06 May 1977 12:00 GMT" 
[2022-10-17 15.56:18] ERROR ApiUtils parseModifiedSince: could not parse the If-Modified-Since header field: 'Fri, 06 May 1977 12:00 GMT' error is: Unparseable date: "Fri, 06 May 1977 12:00 GMT" 
[2022-10-17 15.56:18] ERROR ApiUtils parseModifiedSince: could not parse the If-Modified-Since header field: 'Fri, 06 May 1977 12:00 GMT' error is: Unparseable date: "Fri, 06 May 1977 12:00 GMT" 
[2022-10-17 15.56:18] ERROR ApiUtils parseModifiedSince: could not parse the If-Modified-Since header field: 'Fri, 31 Apr 2005 12:00:00 GMT' error is: Unparseable date: "Fri, 31 Apr 2005 12:00:00 GMT" 
[2022-10-17 15.56:18] ERROR ApiUtils parseModifiedSince: could not parse the If-Modified-Since header field: 'Fri, 31 Apr 2005 12:00:00 GMT' error is: Unparseable date: "Fri, 31 Apr 2005 12:00:00 GMT" 
[2022-10-17 16.38:32] INFO  DbReader readXlinks: SELECT * FROM XLINK WHERE id = 'e1226f48-43ef-4cb8-95bd-f01da24f05a2' ORDER BY TIMESTAMP ASC  
[2022-10-17 16.38:32] INFO  DbReader readXlinks: SELECT * FROM XLINK WHERE id = 'e1226f48-43ef-4cb8-95bd-f01da24f05a2' ORDER BY TIMESTAMP ASC  
[2022-10-17 16.46:09] INFO  DbReader readXlinks: SELECT * FROM XLINK WHERE id = '/images/luftfo/2011/maj/luftfoto/object63946' ORDER BY TIMESTAMP ASC  
[2022-10-17 16.46:09] INFO  DbReader readXlinks: SELECT * FROM XLINK WHERE id = '/images/luftfo/2011/maj/luftfoto/object63946' ORDER BY TIMESTAMP ASC  
[2022-10-17 16.46:32] INFO  DbReader readXlinks: SELECT * FROM XLINK WHERE XLINK_FROM='/images/luftfo/2011/maj/luftfoto/object63946' ORDER BY TIMESTAMP ASC  
[2022-10-17 16.46:32] INFO  DbReader readXlinks: SELECT * FROM XLINK WHERE XLINK_FROM='/images/luftfo/2011/maj/luftfoto/object63946' ORDER BY TIMESTAMP ASC  
[2022-10-24 10.23:57] INFO  DbReader readXlinks: SELECT * FROM XLINK WHERE id = 'e1226f48-43ef-4cb8-95bd-f01da24f05a2' ORDER BY TIMESTAMP ASC  
[2022-10-24 10.23:57] INFO  DbReader readXlinks: SELECT * FROM XLINK WHERE id = 'e1226f48-43ef-4cb8-95bd-f01da24f05a2' ORDER BY TIMESTAMP ASC  
[2022-10-24 10.24:23] INFO  DbReader readXlinks: SELECT * FROM XLINK WHERE id = 'e1226f48-43ef-4cb8-95bd-f01da24f05a2' ORDER BY TIMESTAMP ASC  
[2022-10-24 10.24:23] INFO  DbReader readXlinks: SELECT * FROM XLINK WHERE id = 'e1226f48-43ef-4cb8-95bd-f01da24f05a2' ORDER BY TIMESTAMP ASC  
